Determining if the pthread_create exist failed with the following output:
Change Dir: /home/fabi/catkin_ws/build/CMakeFiles/CMakeTmp

Run Build Command:/usr/bin/make "cmTryCompileExec3549959227/fast"
/usr/bin/make -f CMakeFiles/cmTryCompileExec3549959227.dir/build.make CMakeFiles/cmTryCompileExec3549959227.dir/build
make[1]: Betrete Verzeichnis '/home/fabi/catkin_ws/build/CMakeFiles/CMakeTmp'
/usr/bin/cmake -E cmake_progress_report /home/fabi/catkin_ws/build/CMakeFiles/CMakeTmp/CMakeFiles 1
Building C object CMakeFiles/cmTryCompileExec3549959227.dir/CheckSymbolExists.c.o
/usr/bin/cc    -o CMakeFiles/cmTryCompileExec3549959227.dir/CheckSymbolExists.c.o   -c /home/fabi/catkin_ws/build/CMakeFiles/CMakeTmp/CheckSymbolExists.c
Linking C executable cmTryCompileExec3549959227
/usr/bin/cmake -E cmake_link_script CMakeFiles/cmTryCompileExec3549959227.dir/link.txt --verbose=1
/usr/bin/cc       CMakeFiles/cmTryCompileExec3549959227.dir/CheckSymbolExists.c.o  -o cmTryCompileExec3549959227 -rdynamic 
CMakeFiles/cmTryCompileExec3549959227.dir/CheckSymbolExists.c.o: In Funktion `main':
CheckSymbolExists.c:(.text+0x16): Nicht definierter Verweis auf `pthread_create'
make[1]: Verlasse Verzeichnis '/home/fabi/catkin_ws/build/CMakeFiles/CMakeTmp'
collect2: error: ld returned 1 exit status
make[1]: *** [cmTryCompileExec3549959227] Fehler 1
make: *** [cmTryCompileExec3549959227/fast] Fehler 2

File /home/fabi/catkin_ws/build/CMakeFiles/CMakeTmp/CheckSymbolExists.c:
/* */
#include <pthread.h>

int main(int argc, char** argv)
{
  (void)argv;
#ifndef pthread_create
  return ((int*)(&pthread_create))[argc];
#else
  (void)argc;
  return 0;
#endif
}

Determining if the function pthread_create exists in the pthreads failed with the following output:
Change Dir: /home/fabi/catkin_ws/build/CMakeFiles/CMakeTmp

Run Build Command:/usr/bin/make "cmTryCompileExec3302719738/fast"
/usr/bin/make -f CMakeFiles/cmTryCompileExec3302719738.dir/build.make CMakeFiles/cmTryCompileExec3302719738.dir/build
make[1]: Betrete Verzeichnis '/home/fabi/catkin_ws/build/CMakeFiles/CMakeTmp'
/usr/bin/cmake -E cmake_progress_report /home/fabi/catkin_ws/build/CMakeFiles/CMakeTmp/CMakeFiles 1
Building C object CMakeFiles/cmTryCompileExec3302719738.dir/CheckFunctionExists.c.o
/usr/bin/cc   -DCHECK_FUNCTION_EXISTS=pthread_create   -o CMakeFiles/cmTryCompileExec3302719738.dir/CheckFunctionExists.c.o   -c /usr/share/cmake-2.8/Modules/CheckFunctionExists.c
Linking C executable cmTryCompileExec3302719738
/usr/bin/cmake -E cmake_link_script CMakeFiles/cmTryCompileExec3302719738.dir/link.txt --verbose=1
/usr/bin/cc   -DCHECK_FUNCTION_EXISTS=pthread_create    CMakeFiles/cmTryCompileExec3302719738.dir/CheckFunctionExists.c.o  -o cmTryCompileExec3302719738 -rdynamic -lpthreads 
/usr/bin/ld: cannot find -lpthreads
collect2: error: ld returned 1 exit status
make[1]: Verlasse Verzeichnis '/home/fabi/catkin_ws/build/CMakeFiles/CMakeTmp'
make[1]: *** [cmTryCompileExec3302719738] Fehler 1
make: *** [cmTryCompileExec3302719738/fast] Fehler 2


